1
what month and year was the event
in november 2010
what month and year

1
what month and year did i take part
in november 2010
what month and year

1
what did i take
part
what

1
where was the location
in a mathematical contest for chinese college student
where

1
where did i take part
in a mathematical contest for chinese college student
where

1
what geographicfeature did host
tung yau
what GeographicFeature

1
what did host
i  tung yau
what

2
what month and year was the event
in august 2011
what month and year

2
what month and year did i earn a chance for interview section
in august 2011
what month and year

2
what did i earn
a chance for interview section
what

4
what person did i meet a lot of famous mathematicians
chi
what Person

4
what person did i meet a lot of famous mathematicians
tung yau
what Person

4
what person did i meet a lot of famous mathematicians
wang shu
what Person

4
where was the location
there
where

4
where did i meet a lot of famous mathematicians like chi - wang shu , shing - tung yau , jun liu
there
where

4
what did i meet like chi - wang shu , shing - tung yau , jun liu
a lot of famous mathematicians
what

4
why did i meet a lot of famous mathematicians
like chi - wang shu , shing - tung yau , jun liu
why

5
what country did i have
china
what Country

5
what city did i have
dalian
what City

5
what did i have
a trip in dalian , china in summer 2008
what

6
what month and year was the event
time during the trip
what month and year

6
what month and year was hang my best friend li
time during the trip
what month and year

6
what month and year was the event
that time during the trip
what month and year

6
what month and year was my best friend hang li proposed to her girlfriend
that time during the trip
what month and year

6
what was hang
my best friend li
what

6
what proposed to her girlfriend
my best friend hang li
what

6
what is the name proposed to her girlfriend
my best friend hang li
what is the name

6
where was the location
to her girlfriend
where

6
where was my best friend hang li proposed
to her girlfriend
where

7
what month and year was the event
too
what month and year

7
what month and year did we go to wonderland
too
what month and year

7
where was the location
to wonderland
where

7
where did we go
to wonderland
where

8
what month and year was the event
in 2008 summer
what month and year

8
what month and year did i finish my high school
in 2008 summer
what month and year

8
what did i finish
my high school
what

8
how did i finish my high school
with a good college - entrance examination scores
how

9
what did i decide
to go
what

10
what country did i go
china
what Country

10
what month and year was the event
finally
what month and year

10
what month and year did i go to university of science and technology of china
finally
what month and year

10
what organization did i go
university of science
what Organization

10
whom did i go
to university of science and technology of china
whom

10
what do hang
li
what

11
what did i visit
shanghai
what

11
what xiaonan
friends xu
what

11
what is the name xiaonan
friends xu
what is the name

12
what did we enter
the china pavilion
what

12
what facility did we enter
china pavilion
what Facility

13
what jobtitle was designed
professor
what JobTitle

13
how long was designed
by jingtang he , a professor of my college
how long

14
what month and year was the event
sometime back in 1997
what month and year

14
what month and year do i ride a bike
sometime back in 1997
what month and year

14
what did i learn
to ride a bike as a kid , sometime back in 1997
what

14
what do i ride
a bike
what

14
how do i ride a bike
as a kid
how

15
what city did we live
jieyang
what City

15
what city did we live
guangdong
what City

15
where was the location
in jieyang city  in guangdong
where

15
where did we live
in jieyang city  in guangdong
where

16
where was the location
on beima road
where

16
where was i riding
on beima road
where

17
what did i have
a blue bike
what

18
what month and year was the event
after me holding my bike seat
what month and year

18
what month and year would my dad run
after me holding my bike seat
what month and year

18
what would run
my dad
what

18
what was me holding
my bike seat
what

18
what is the name would run
my dad
what is the name

19
where was the location
in 2012
where

19
where did i and my mother visit yunnan
in 2012
where

19
what stateorcounty did i and my mother visit
yunnan
what StateOrCounty

19
what is the name visited yunnan
i and my mother
what is the name

19
what visited yunnan
i and my mother
what

20
what city did we visit
kunming
what City

20
what city did we visit
dali
what City

20
what city did we visit
lijiang
what City

20
what did we visit
kunming , dali and the famous lijiang city
what

21
what geographicfeature did we have
stone forest
what GeographicFeature

21
what did we have
a good time in the stone forest
what

22
whom was withdrawing money
from atm machine
whom

22
what was withdrawing from atm machine
money
what

23
whom would we use
as the password of a bank account
whom

23
what fieldterminology would we use
bank account
what FieldTerminology

25
what month and year was the event
a time
what month and year

25
what month and year was i playing arcade game
a time
what month and year

25
what was i playing
arcade game
what

25
what fieldterminology was i playing
arcade game
what FieldTerminology

25
how was i playing arcade game
with my brother jiahua
how

26
what did the machine require
less coins
what

26
what required less coins
the machine
what

26
what is the name required less coins
the machine
what is the name

28
what country was i doing exchange program
taiwan
what Country

28
what city was i doing exchange program
nctu
what City

28
where was the location
in taiwan  in nctu
where

28
where was i doing exchange program
in taiwan  in nctu
where

28
what was i doing
exchange program
what

30
what did i buy
two
what

31
how was i liked her
kind of
how

31
what was i liked
her
what

32
where was the location
on the stairs  in one of the teaching buildings
where

32
where did sit we
on the stairs  in one of the teaching buildings
where

32
what do we drink
coffee
what

33
what person had her wedding
xing wang
what Person

33
what is the name had her wedding
my best friend , xing wang ,
what is the name

33
what did my best friend , xing wang , have
her wedding
what

33
what had her wedding
my best friend , xing wang ,
what

33
what country did my best friend , xing wang , have her wedding
china
what Country

33
what city did my best friend , xing wang , have her wedding
lanzhou city
what City

33
where was the location
in lanzhou city , china on may 3rd , 2012
where

33
where did my best friend , xing wang , have her wedding
in lanzhou city , china on may 3rd , 2012
where

35
whom did my other friends and i all take train
to participate the big wedding
whom

35
what did my other friends and i all take to participate the big wedding
train
what

35
what took train to participate the big wedding
my other friends and i all
what

35
what do my other friends and i all participate
the big wedding
what

35
what participate the big wedding
my other friends and i all
what

35
what is the name took train to participate the big wedding
my other friends and i all
what is the name

35
what is the name participate the big wedding
my other friends and i all
what is the name

36
what did i complete
my bachelor degree
what

36
what month and year was the event
in june
what month and year

36
what month and year did i graduate
in june
what month and year

37
what month and year was the event
then
what month and year

37
what month and year did we have a graduation trip to qingdao
then
what month and year

37
what city did we have
qingdao
what City

37
what did we have
a graduation trip to qingdao
what

38
what quantity did we spend
three days
what Quantity

38
what did we spend
three days there , playing on the beach , visiting some beautiful buildings , eating seafood and drinking qingdao beer
what

38
what was we visiting
some beautiful buildings , eating seafood and drinking qingdao beer
what

38
what was we eating
seafood
what

38
what was we drinking
qingdao beer
what

38
where was the location
on the beach
where

38
where was we playing
on the beach
where

39
what did we take
train
what

40
how did i have an amazing adventure in disney land theme park in hong kong
with my friend haoyu yang
how

40
what city did i have with my friend haoyu yang
hong kong
what City

40
what city did i have with my friend haoyu yang
disney
what City

40
what person did i have an amazing adventure in disney land theme park in hong kong
haoyu yang
what Person

40
what month and year was the event
in aug 2011
what month and year

40
what month and year did i have an amazing adventure in disney land theme park in hong kong with my friend haoyu yang
in aug 2011
what month and year

40
what did i have with my friend haoyu yang
an amazing adventure in disney land theme park in hong kong
what

41
whom did we take a flight
from beijing to hong kong together
whom

41
what city did we take a flight
beijing
what City

41
what city did we take a flight
hong kong
what City

41
what did we take from beijing to hong kong together
a flight
what

42
what month and year was the event
at midnight
what month and year

42
what month and year did we watch beautiful fireworks
at midnight
what month and year

42
what did we watch
beautiful fireworks
what

43
what month and year was the event
last year
what month and year

43
what month and year did we have a holloween party at my apartment near usc with our friends
last year
what month and year

43
what organization did we have
usc
what Organization

43
what did we have
a holloween party at my apartment near usc with our friends
what

44
what month and year was the event
last year
what month and year

44
what month and year did we have a holloween party at my apartment near usc with our friends
last year
what month and year

44
what organization did we have
usc
what Organization

44
what did we have
a holloween party at my apartment near usc with our friends
what

46
what month and year was the event
in 2010 fall
what month and year

46
what month and year did come i to usc
in 2010 fall
what month and year

46
what organization did come i
usc
what Organization

46
where was the location
to usc
where

46
where did come i
to usc
where

47
what person did go
jiacheng jiang
what Person

47
what person did go
shan luo
what Person

47
what person was my roommates ouning
jiacheng jiang
what Person

47
what person was my roommates ouning
shan luo
what Person

47
what is the name ouning zhang , shan luo , jiacheng jiang
my roommates
what is the name

47
what is the name jiacheng jiang
i  shan luo
what is the name

47
what did go
i  to las vegas with my roommates ouning zhang , shan luo , jiacheng jiang
what

47
what was my roommates ouning
zhang , shan luo , jiacheng jiang
what

47
what ouning zhang , shan luo , jiacheng jiang
my roommates
what

47
what was i  shan luo jiacheng
jiang
what

47
what jiacheng jiang
i  shan luo
what

47
what month and year was the event
in the first christmas at us
what month and year

47
what month and year did go i  to las vegas with my roommates ouning zhang , shan luo , jiacheng jiang
in the first christmas at us
what month and year

47
what holiday did go i  to las vegas with my roommates ouning zhang , shan luo , jiacheng jiang
christmas
what Holiday

47
what holiday was i  shan luo jiacheng jiang
christmas
what Holiday

47
what city did go
las vegas
what City

47
where was the location
in the first christmas at us
where

47
where was i  shan luo jiacheng jiang
in the first christmas at us
where

48
where was the location
to the night club
where

48
where did i go
to the night club
where

49
whom did get i
drunk
whom

50
what stateorcounty did we have
utah
what StateOrCounty

50
what did we have
a trip to utah
what

50
whom was we giving
with hao shi , lin quan
whom

50
what person was we giving
hao shi
what Person

51
what geographicfeature did i go
manhattan beach
what GeographicFeature

51
what city did i go
los angeles
what City

51
where was the location
to cs phd retreat on manhattan beach of los angeles
where

51
where did i go
to cs phd retreat on manhattan beach of los angeles
where

53
where was the location
to beaches
where

53
where did we go
to beaches
where

54
what did we play
freebie
what

55
what did we really enjoy
the jacuzzi
what

55
where was the location
in hotel
where

55
where did we really enjoy the jacuzzi
in hotel
where

56
whom did i go
to surfing with my friends at seal beach , la
whom

56
where was the location
at seal beach , la
where

56
where was i surfing
at seal beach , la
where

56
how was i surfing
with my friends
how

57
what month and year was the event
my first time
what month and year

57
what month and year was surfing so
my first time
what month and year

57
what was surfing
so
what

57
whom do me keep balance
on the board
whom

57
what do me keep on the board
balance
what

58
what month and year was the event
after that
what month and year

58
what month and year did go i and my friend  for some japanese hotpot to little tokyo
after that
what month and year

58
what city did go i and my friend  for some japanese hotpot
tokyo
what City

58
where was the location
to little tokyo
where

58
where did go i and my friend  for some japanese hotpot
to little tokyo
where

58
what did go to little tokyo
i and my friend  for some japanese hotpot
what

59
what was cs brought
tent , bbq stuff to the beach
what

59
what brought tent , bbq stuff to the beach
cs
what

59
what is the name brought tent , bbq stuff to the beach
cs
what is the name

60
what did we play
beach volleyball
what

61
what month and year was the event
in 2013 winter
what month and year

61
what month and year did i go to the yg family concert
in 2013 winter
what month and year

61
where was the location
to the yg family concert
where

61
where did i go
to the yg family concert
where

61
how did i go to the yg family concert
with one of my classmates
how

62
what month and year was the event
early in the morning
what month and year

62
what month and year did arrive we there
early in the morning
what month and year

62
how long did arrive we
there
how long

63
what month and year was the event
for a whole day
what month and year

63
what month and year was lining we
for a whole day
what month and year

64
what geographicfeature did i go
mountain huang
what GeographicFeature

64
whom did i go
to mountain huang with my friends in 2012
whom

65
whom do get a bus
there
whom

65
what did we take
a bus to get there
what

65
what do get there
a bus
what

66
what geographicfeature did we go
mountain huang
what GeographicFeature

66
where was the location
to the peak of mountain huang with a cable car
where

66
where did we go
to the peak of mountain huang with a cable car
where

67
what geographicfeature up we
guangming peak
what GeographicFeature

67
what geographicfeature do we watch sunrise
guangming peak
what GeographicFeature

67
what do we watch
sunrise
what

67
why did wake we
to watch sunrise at the guangming peak
why

67
what month and year was the event
the next morning early
what month and year

67
what month and year did wake we to watch sunrise at the guangming peak
the next morning early
what month and year

67
what month and year was the event
at the guangming peak
what month and year

67
what month and year do we watch sunrise
at the guangming peak
what month and year

68
what month and year was the event
last spring break
what month and year

68
what month and year did i go to las vegas with my roomies
last spring break
what month and year

68
what city did i go
las vegas
what City

68
what did i go
to las vegas with my roomies
what

69
what did we take
greyhound
what

70
how did we go
to eat
how

70
what do we eat
buffet
what

71
what month and year was the event
the next day
what month and year

71
what month and year did i go with new friends to the grand canyon
the next day
what month and year

71
what did i go to the grand canyon
with new friends
what

71
where was the location
to the grand canyon
where

71
where did i go with new friends
to the grand canyon
where

72
what did we watch
the sunset
what

73
what month and year was the event
on june 25
what month and year

73
what month and year did i graduate
on june 25
what month and year

74
what country did i find
guangdong
what Country

74
what did i find
my first job in the guangdong women and children 's hospital in china
what

75
whom was hired i
to work in nicu where
whom

75
where was the location
in nicu where
where

75
where do i work
in nicu where
where

76
whom do i take care
of the sickest babies
whom

76
what did i get
the chances to take care of the sickest babies
what

76
what do i take of the sickest babies
care
what

77
what did i meet
yang shen
what

77
where was the location
there who
where

77
where did i meet yang shen
there who
where

78
whom did i go for further study
to university of southern california
whom

78
what facility did i go for further study
university of southern california
what Facility

78
why did i go to university of southern california
for further study
why

78
what month and year was the event
since 2012
what month and year

78
what month and year did i go to university of southern california for further study
since 2012
what month and year

79
what month and year was the event
during the summer 2011
what month and year

79
what month and year did i visit her
during the summer 2011
what month and year

80
whom do include suzhou , nanjing and shanghai
3 cities
whom

80
what city do include 3 cities
suzhou
what City

80
what city do include 3 cities
shanghai
what City

80
what city do include 3 cities
nanjing
what City

80
what do include 3 cities
suzhou , nanjing and shanghai
what

82
what quantity did we visit that city
3 days
what Quantity

82
what month and year was the event
for 3 days
what month and year

82
what month and year did we visit that city
for 3 days
what month and year

82
what did we visit
that city
what

83
what quantity did i meet my best friend
10 years
what Quantity

83
what month and year was the event
may more than 10 years ago in guangzhou no. 2 middle school
what month and year

83
what month and year did i meet my best friend
may more than 10 years ago in guangzhou no. 2 middle school
what month and year

83
what city did i meet my best friend
guangzhou
what City

83
what organization did i meet my best friend
middle school
what Organization

83
what did i meet
my best friend
what

85
what month and year was the event
in 2011
what month and year

85
what month and year did come she to us for her master degree
in 2011
what month and year

85
what organization did come she to us for her master degree
university of georgia
what Organization

85
where was the location
in the university of georgia
where

85
where did come she to us for her master degree
in the university of georgia
where

85
where was the location
to us
where

85
where did come she for her master degree
to us
where

85
why did come she to us
for her master degree
why

86
what month and year was the event
the last time  during the christmas
what month and year

86
what month and year did i visit her
the last time  during the christmas
what month and year

86
what holiday did i visit her
christmas
what Holiday

86
what stateorcounty did we go to the universal studio
florida
what StateOrCounty

86
where was the location
to the universal studio
where

86
where did we go
to the universal studio
where

86
where was the location
in florida
where

86
where did we go to the universal studio
in florida
where

87
what organization did our friend cheng li use
university of florida
what Organization

87
what organization used our friend cheng li study
university of florida
what Organization

87
what is the name used to study in the university of florida for one year
our friend cheng li
what is the name

87
what is the name used study
our friend cheng li
what is the name

87
what did our friend cheng li use
to study in the university of florida for one year
what

87
what used to study in the university of florida for one year
our friend cheng li
what

87
what used study
our friend cheng li
what

87
what month and year was the event
for one year
what month and year

87
what month and year used our friend cheng li study
for one year
what month and year

87
what person used to study in the university of florida for one year
cheng li
what Person

87
what person used study
cheng li
what Person

87
what quantity did our friend cheng li use
one year
what Quantity

87
what quantity used our friend cheng li study
one year
what Quantity

87
where was the location
in the university of florida
where

87
where used our friend cheng li study
in the university of florida
where

88
whom was named a dog
happy
whom

88
what did i have
a dog named happy
what

88
what was named happy
a dog
what

90
what did father choose
a one tiny white puppy
what

90
what chose a one tiny white puppy
father
what

90
what is the name chose a one tiny white puppy
father
what is the name

91
what month and year was the event
after she
what month and year

91
what month and year did she run away
after she
what month and year

91
where to/from did she run
away
where to/from

91
what month and year was the event
for long time
what month and year

91
what month and year did she live
for long time
what month and year

91
how did she live
with us
how

92
what did my aunt know
someone who
what

92
what knew someone who
my aunt
what

92
what is the name knew someone who
my aunt
what is the name

95
what person did i have
mr. ali
what Person

95
what did i have
a first ever job interview with my manager mr. ali
what

97
what country did come to do concert in angel 's stadium in sept 2010
south korea
what Country

97
what country do concert
south korea
what Country

97
where was the location
in angel 's stadium
where

97
where do my favorite boy bands big bang from south korea do concert
in angel 's stadium
where

97
what did come to do concert in angel 's stadium in sept 2010
my favorite boy bands big bang from south korea
what

97
what do my favorite boy bands big bang from south korea do
concert
what

97
what do concert
my favorite boy bands big bang from south korea
what

97
what is the name do concert
my favorite boy bands big bang from south korea
what is the name

97
why did come my favorite boy bands big bang from south korea
to do concert in angel 's stadium in sept 2010
why

98
how did go i  sophia chang
with my best friend
how

98
what did go
i  sophia chang
what

99
what did we receive
big bang phone cover
what

99
where was the location
at the entrance
where

99
where did we receive big bang phone cover
at the entrance
where

100
what country did i go
korea
what Country

100
what month and year was the event
on december of 2011
what month and year

100
what month and year did i go to korea
on december of 2011
what month and year

100
where was the location
to korea
where

100
where did i go
to korea
where

100
how did i go to korea
with my family
how

101
where was the location
at my parents ' house
where

101
where did stay we
at my parents ' house
where

102
what month and year was the event
for about a month
what month and year

102
what month and year did we have a great time
for about a month
what month and year

102
what did we have
a great time
what

103
what city did we go
pororo
what City

103
why did we go
to pororo land with my parents and my child
why

103
what do we pororo
land with my parents and my child
what

104
what month and year was the event
during summer of 1997
what month and year

104
what month and year did i go to yellowstone national park with my parents and my sister
during summer of 1997
what month and year

104
what facility did i go
yellowstone national park
what Facility

104
where was the location
to yellowstone national park with my parents and my sister
where

104
where did i go
to yellowstone national park with my parents and my sister
where

105
what we out
a cabin
what

106
what country did move to chicago  from seoul
korea
what Country

106
what city did move i korea
seoul
what City

106
what city did move i korea
chicago
what City

106
where was the location
in september of 1993 with my family
where

106
where did move to chicago  from seoul i korea
in september of 1993 with my family
where

106
what did move to chicago  from seoul
i korea
what

106
where to/from did move i korea
to chicago  from seoul
where to/from

107
what continent did just seem everything
america
what Continent

107
how did just seem everything
so much bigger on my first day in america - airport , roads , cars , people
how

107
what did just seem so much bigger on my first day in america - airport , roads , cars , people
everything
what

108
where was the location
to sears tower
where

108
where did i go
to sears tower
where

108
what facility did i go
sears tower
what Facility

108
how did i go to sears tower
with my dad
how

108
what month and year was the event
the whole time the elevator was going up to the top of the tallest building in the world at the time
what month and year

108
what month and year did two gays that were inside the elevator with me and my dad kiss each other
the whole time the elevator was going up to the top of the tallest building in the world at the time
what month and year

108
what month and year was the event
each other the whole time  at the time
what month and year

108
what month and year was going up to the top of the tallest building in the world the elevator
each other the whole time  at the time
what month and year

108
what do i remember
two gays that were inside the elevator with me and my dad kissed each other the whole time the elevator was going up to the top of the tallest building in the world at the time
what

108
what did two gays that were inside the elevator with me and my dad kiss
each other
what

108
what kissed each other
two gays that were inside the elevator with me and my dad
what

108
what was going up to the top of the tallest building in the world
the elevator
what

108
what is the name kissed each other
two gays that were inside the elevator with me and my dad
what is the name

108
where to/from was going the elevator
up to the top of the tallest building in the world
where to/from

108
what month and year was the event
the whole time the elevator was going up to the top of the tallest building in the world at the time
what month and year

108
what month and year did the elevator with me and my dad kiss each other
the whole time the elevator was going up to the top of the tallest building in the world at the time
what month and year

108
what month and year was the event
each other the whole time  at the time
what month and year

108
what month and year was going up to the top of the tallest building in the world the elevator
each other the whole time  at the time
what month and year

108
what did the elevator with me and my dad kiss
each other
what

108
what kissed each other
the elevator with me and my dad
what

108
what was going up to the top of the tallest building in the world
the elevator
what

108
what is the name kissed each other
the elevator with me and my dad
what is the name

108
where to/from was going the elevator
up to the top of the tallest building in the world
where to/from

109
what visit me
my girlfriend
what

109
what does twilight take
a scene and serveral other places
what

109
what takes a scene and serveral other places
twilight
what

109
what is the name visit me
my girlfriend
what is the name

109
what is the name takes a scene and serveral other places
twilight
what is the name

109
what month and year was the event
this summer
what month and year

109
what month and year do my girlfriend visit me
this summer
what month and year

109
where to/from did we go
to lots of places like olympic national park , a small town where twilight takes a scene and serveral other places near seattle
where to/from

109
what city do my girlfriend visit me
seattle
what City

109
what city did we go
seattle
what City

109
what city does twilight take a scene and serveral other places
seattle
what City

109
what facility did we go
olympic national park
what Facility

109
where was the location
at seattle
where

109
where do my girlfriend visit me
at seattle
where

109
where was the location
a small town  near seattle
where

109
where does twilight take a scene and serveral other places
a small town  near seattle
where

110
what geographicfeature did we go
shishi beach
what GeographicFeature

110
where was the location
to shishi beach
where

110
where did we go
to shishi beach
where

111
what quantity was i seen
22 hours
what Quantity

111
what was i seen
the movie 22 hours in my undergraduate
what

112
what person astonished
aaron
what Person

112
what is the name astonished
i  by the strength of the main character aaron
what is the name

112
what astonished
i  by the strength of the main character aaron
what

113
what person did i name
aaron
what Person

113
what did i name
my english name aaron
what

114
what country did i go
korea
what Country

114
what organization did i go to korea
middle school
what Organization

114
where was the location
to korea
where

114
where did i go
to korea
where

114
where was the location
at middle school
where

114
where did i go to korea
at middle school
where

115
whom did i get a friend
there
whom

115
what did i get there
a friend
what

116
what quantity do stay at korea
2 weeks
what Quantity

116
what country do stay 2 weeks
korea
what Country

116
what do stay at korea
2 weeks
what

116
how long do stay 2 weeks
at korea
how long

117
how did go the time
so fast
how

117
what did go
the time
what

118
what month and year was the event
for years
what month and year

118
what month and year was n't used i
for years
what month and year

118
whom did i send a greeting
to him
whom

118
what did i send to him
a greeting
what

118
what month and year was the event
recently
what month and year

118
what month and year did i send a greeting to him
recently
what month and year

118
what month and year was the event
recently
what month and year

118
what month and year did i find his email address in my hotmail inbox that i hav n't used for years and sent a greeting to him
recently
what month and year

118
what month and year was the event
for years
what month and year

118
what month and year was i n't used my hotmail inbox
for years
what month and year

118
what i out
his email address in my hotmail inbox that i hav n't used for years and sent a greeting to him
what

118
what was i n't used
my hotmail inbox
what

118
what did i send to him
a greeting
what

118
whom did i send a greeting
to him
whom

118
what month and year was the event
recently
what month and year

118
what month and year did i find his email address
recently
what month and year

118
what i out
his email address
what

118
what did i send to him
a greeting
what

118
where was the location
in my hotmail inbox that i sent a greeting to him
where

118
where did i find his email address
in my hotmail inbox that i sent a greeting to him
where

118
whom did i send a greeting
to him
whom

118
what month and year was the event
recently
what month and year

118
what month and year did i find his email address
recently
what month and year

118
what i out
his email address
what

118
what was i sent to him
a greeting
what

118
where was the location
in my hotmail inbox that i hav sent a greeting to him
where

118
where did i find his email address
in my hotmail inbox that i hav sent a greeting to him
where

118
whom was i sent a greeting
to him
whom

119
what city did i live
maojiadian
what City

119
where was the location
in the center street of maojiadian town
where

119
where did i live
in the center street of maojiadian town
where

120
whom did take mom me
to the maojiadian middle school
whom

120
what organization did take mom me
maojiadian middle school
what Organization

120
what did take to the maojiadian middle school
mom me
what

121
what city did arrive we
mangniu
what City

121
where was the location
at mangniu
where

121
where did arrive we
at mangniu
where

122
whom did turn the vehicle
upside down
whom

122
what did turn upside down
the vehicle
what

122
what month and year was the event
just
what month and year

122
what month and year did turn the vehicle upside down
just
what month and year

123
whom do fall we
off
whom

125
whom do take me
to the maojiadian middle school
whom

125
what organization do my mom ride a yongjiu bicycle
maojiadian middle school
what Organization

125
what organization do take me
maojiadian middle school
what Organization

125
what is the name ride a yongjiu bicycle to take me to the maojiadian middle school
my mom
what is the name

125
what do my mom ride to take me to the maojiadian middle school
a yongjiu bicycle
what

125
what ride a yongjiu bicycle to take me to the maojiadian middle school
my mom
what

125
why do my mom ride a yongjiu bicycle
to take me to the maojiadian middle school
why

126
whom would i ask to let me ride and she will hold the back of the bicycle
my mom
whom

126
where to/from did come we
back
where to/from

126
what is the name let me ride
my mom
what is the name

126
what would i ask my mom
to let me ride and she will hold the back of the bicycle
what

126
what do my mom let
me ride
what

126
what let me ride
my mom
what

126
what will she hold
the back of the bicycle
what

126
whom would i ask to let me ride
my mom
whom

126
what would i ask my mom
to let me ride
what

126
what let me
my mom
what

126
what is the name let me
my mom
what is the name

126
what will she hold
the back of the bicycle
what

127
what do i remember
my friend zhangxu
what

129
what can we steal for dessert
one or two watermelon
what

129
why can we steal one or two watermelon
for dessert
why

130
whom did we  by the farmers send
to home
whom

130
what sent to home
we  by the farmers
what

130
what is the name sent to home
we  by the farmers
what is the name

131
what month and year was the event
in january 2009
what month and year

131
what month and year did i join isi
in january 2009
what month and year

131
what organization did i join
isi
what Organization

131
what did i join
isi
what

132
what month and year was the event
at that time
what month and year

132
what month and year was excited i to learn new area in ai and machine learning
at that time
what month and year

132
what do i learn
new area in ai and machine
what

132
why was excited i
to learn new area in ai and machine learning
why

134
what month and year was the event
for the first time  in 2010
what month and year

134
what month and year was visiting la my brother in law
for the first time  in 2010
what month and year

134
what was visiting my brother in law
la
what

134
how long was visiting la
my brother in law
how long

135
what did i decide
to bring him
what

135
what do i cart
racing
what

136
what month and year was the event
exciting moment
what month and year

136
what month and year was me and my wife along with my brother in law riding carts competing each other
exciting moment
what month and year

136
what month and year was the event
exciting moment
what month and year

136
what month and year was riding carts competing each other
exciting moment
what month and year

136
what did me and my wife along with my brother in law have
exciting moment riding carts competing each other
what

136
what had exciting moment riding carts competing each other
me and my wife along with my brother in law
what

136
what was me and my wife along with my brother in law riding
carts competing each other
what

136
what riding carts competing each other
me and my wife along with my brother in law
what

136
what was riding carts competing
each other
what

136
what competing each other
riding carts
what

136
what is the name had exciting moment riding carts competing each other
me and my wife along with my brother in law
what is the name

136
what is the name riding carts competing each other
me and my wife along with my brother in law
what is the name

136
what is the name competing each other
riding carts
what is the name

137
what did i have
my first internship interview with facebook in september 2012
what

137
what company did i have
facebook
what Company

138
what was i having
no experience with coding interview
what

138
what very struggling
i  with the problem
what

138
what is the name very struggling
i  with the problem
what is the name

139
how long was the interviewer sharing his experience at facebook
very friendly
how long

139
what was the interviewer sharing at facebook very friendly
his experience
what

139
what sharing his experience at facebook very friendly
the interviewer
what

139
what company was the interviewer sharing his experience very friendly
facebook
what Company

139
what is the name sharing his experience at facebook very friendly
the interviewer
what is the name

139
whom was the interviewer sharing his experience very friendly
at facebook
whom

140
what month and year was the event
just after
what month and year

140
what month and year did my father teach to swim in the stadium me
just after
what month and year

140
what month and year was the event
just after
what month and year

140
what month and year do me swim
just after
what month and year

140
what did my father teach me
to swim in the stadium
what

140
what taught to swim in the stadium me
my father
what

140
what is the name taught to swim in the stadium me
my father
what is the name

140
where was the location
in the stadium
where

140
where do me swim
in the stadium
where

141
what was i graduated
from primary school
what

142
what did to practice take me
a week
what

142
what took a week me
to practice
what

142
what is the name took a week me
to practice
what is the name

145
what do i learn
chinese calligraphy
what

145
why did i start
to learn chinese calligraphy at the age of 5
why

146
what month and year was the event
in summer this year
what month and year

146
what month and year did i go to mount rainier - lrb - seattle - rrb -
in summer this year
what month and year

146
what month and year was the event
in summer  this year
what month and year

146
what month and year do i mount rainier - lrb - seattle - rrb -
in summer  this year
what month and year

146
what city did i go
seattle
what City

146
what city do i mount
seattle
what City

146
where was the location
to mount rainier - lrb - seattle - rrb -
where

146
where did i go
to mount rainier - lrb - seattle - rrb -
where

146
what do i mount
rainier - lrb - seattle - rrb -
what

146
what fieldterminology did i go
mount rainier
what FieldTerminology

147
what was i doing
my internship
what

149
what quantity did we hike
6 miles
what Quantity

149
where was the location
for around 6 miles
where

149
where did we hike
for around 6 miles
where

149
what did we do
some skiing
what

150
what geographicfeature did i go for water rafting
sauk river
what GeographicFeature

150
what city did i go for water rafting
seattle
what City

150
where was the location
for water rafting
where

150
where did i go
for water rafting
where

150
where was the location
in sauk river - lrb - seattle
where

150
where did i go for water rafting
in sauk river - lrb - seattle
where

150
how did i go for water rafting
with two of my frieds mrunal and natang
how

151
what month and year was the event
in april 2014
what month and year

151
what month and year did i go to vegas
in april 2014
what month and year

151
what city did i go
vegas
what City

151
where was the location
to vegas
where

151
where did i go
to vegas
where

151
how did i go to vegas
with 2 of my friends somal and vidit
how

152
what month and year was the event
in april 2014
what month and year

152
what month and year did i go to vegas
in april 2014
what month and year

152
what city did i go
vegas
what City

152
where was the location
to vegas
where

152
where did i go
to vegas
where

152
how did i go to vegas
with two of my friends somal and vidit
how

153
what month and year was the event
in december 2013
what month and year

153
what month and year did i visit san francisco
in december 2013
what month and year

153
what city did i visit
san francisco
what City

153
what did i visit
san francisco
what

153
how did i visit san francisco
with my sister
how

154
what city did i meet 3 of her friends
san jose
what City

154
where was the location
in san jose
where

154
where did i meet 3 of her friends
in san jose
where

154
what did i meet
3 of her friends
what

155
whom do hang
with them at sausalito
whom

155
what city out
sausalito
what City

156
what did we have
pizza and wine
what

157
what holiday do celebrate
new year 's eve
what Holiday

157
what do celebrate
new year 's eve
what

158
how did start i
with a subject name computer networks
how

158
what jobtitle off i
professor
what JobTitle

158
where was the location
under a professor ali
where

158
where did start i
under a professor ali
where

161
what person did i go
siddharth mehta
what Person

161
where was the location
there
where

161
where did i go with my best friend , siddharth mehta
there
where

161
what did i go
with my best friend , siddharth mehta
what

162
what did we meet
minions , my favorite
what

162
what did we animate
character
what

163
whom was named a restaurant
little italy
whom

163
what did we have
delicious penne pasta
what

163
what was named little italy
a restaurant
what

163
where was the location
at a restaurant named little italy
where

163
where did we have delicious penne pasta
at a restaurant named little italy
where

165
what country did i visit my sister divya
canada
what Country

165
what did i visit
my sister divya
what

165
where was the location
in canada  in 2013
where

165
where did i visit my sister divya
in canada  in 2013
where

166
what city did we visit
toronto
what City

166
what city did we visit
vancouver
what City

166
what did we visit
places in toronto , british columbia and vancouver
what

168
what geographicfeature did we go
pacific ocean
what GeographicFeature

168
where was the location
to a ship ride in the pacific ocean
where

168
where did we go
to a ship ride in the pacific ocean
where

169
what month and year was the event
during my internship at tcs
what month and year

169
what month and year did i go to an adventure park
during my internship at tcs
what month and year

169
what city did i go to an adventure park
kerala
what City

169
what company did i go to an adventure park
tcs
what Company

169
where was the location
to an adventure park
where

169
where did i go
to an adventure park
where

169
where was the location
in kerala
where

169
where did i go to an adventure park
in kerala
where

170
what do i have
the best water rides ever been to
what

171
what did i start
working with tata consultancy services in 2012
what

171
what company did i start
tata consultancy services
what Company

172
what did i learn
a lot of new technologies
what

173
what did i make
a lot of new friends
what

174
what month and year was the event
during my undergraduate study at bits pilani
what month and year

174
what month and year was i working with publications and relationships unit
during my undergraduate study at bits pilani
what month and year

174
what was i working
with publications and relationships unit
what

175
whom do i invite colleges
for our cultural festival
whom

175
what do i invite for our cultural festival
colleges
what

176
what was located
these colleges
what

176
where was the location
in and around delhi area
where

176
where was located these colleges
in and around delhi area
where

179
what did happen
this
what

179
where was the location
in 2006
where

179
where did happen this
in 2006
where

180
what month and year was the event
in 2005
what month and year

180
what month and year did i win female championship
in 2005
what month and year

180
what did i win
female championship
what

180
where was the location
in athletics
where

180
where did i win female championship
in athletics
where

181
what called me
malini
what

181
what is the name called me
malini
what is the name

182
what was i heading
to the assembly
what

183
what person told the names of all
maithreyi sathyadev
what Person

183
what is the name told the names of all
my principal maithreyi sathyadev
what is the name

183
what month and year was the event
during assembly
what month and year

183
what month and year did my principal maithreyi sathyadev tell the names of all
during assembly
what month and year

183
what jobtitle told the names of all
principal
what JobTitle

183
what told the names of all
my principal maithreyi sathyadev
what

183
whom did my principal maithreyi sathyadev tell
the names of all
whom

183
what was elected
sathyadev members
what

185
where was the location
for the movie
where

185
where did go 15 of us from my school
for the movie
where

185
what did go from my school for the movie
15 of us
what

185
how long did go 15 of us for the movie
from my school
how long

187
what did we watch
the movie rdb
what

188
what month and year was the event
in august 2011
what month and year

188
what month and year did happen this
in august 2011
what month and year

188
what did happen
this
what

189
whom did go rashmi krishnan , shivalika shylanath
with me
whom

189
what did go with me
rashmi krishnan , shivalika shylanath
what

190
what company did stay we
rashmi
what Company

190
where was the location
at rashmi 's house
where

190
where did stay we
at rashmi 's house
where

191
what month and year was the event
the whole day
what month and year

191
what month and year did we go to the beach
the whole day
what month and year

191
where was the location
to the beach
where

191
where did we go
to the beach
where

192
what quantity did stay we
3 days
what Quantity

192
what month and year was the event
3 days
what month and year

192
what month and year did stay we
3 days
what month and year

193
how did we travel
by train to the place
how

194
what month and year was the event
then
what month and year

194
what month and year did we use bus within the city
then
what month and year

194
what did we use
bus within the city
what

198
how did i go
with my mom babita
how

199
what jobtitle taught me
instructor
what JobTitle

199
what is the name taught me
the instructor
what is the name

199
what taught me
the instructor
what

200
what driving
laxmi school
what

200
what is the name driving
laxmi school
what is the name

201
what did i learn
how to drive a wagonr
what

201
what do drive
a wagonr
what

203
what learning
my dad manoj
what

203
what took me to learn more
my dad manoj
what

203
what do my dad manoj me learn
more
what

203
what learn more
my dad manoj me
what

203
what is the name learning
my dad manoj
what is the name

203
what is the name took me to learn more
my dad manoj
what is the name

203
what is the name learn more
my dad manoj me
what is the name

203
what month and year was the event
for a month
what month and year

203
what month and year was my dad manoj learning
for a month
what month and year

203
what month and year was the event
after learning for a month
what month and year

203
what month and year did my dad manoj take me to learn more
after learning for a month
what month and year

203
what person took me to learn more
manoj
what Person

203
where was the location
in his car
where

203
where did my dad manoj take me to learn more
in his car
where

203
why did my dad manoj take me
to learn more
why

205
what city did we go
goa
what City

205
where was the location
to goa
where

205
where did we go
to goa
where

206
what city did i go to vit university
vellore
what City

206
where was the location
to vit university
where

206
where did i go
to vit university
where

206
where was the location
in vellore
where

206
where did i go to vit university
in vellore
where

206
where was the location
in vellore
where

206
where do i vit university
in vellore
where

206
what do i vit
university
what

207
what quantity did stay we
6 days
what Quantity

207
what month and year was the event
5-6 days
what month and year

207
what month and year did stay we
5-6 days
what month and year

210
what did i have
huge metal bell toy
what

211
whom did i drop it
on her nose
whom

212
what did i break
her nose
what

217
whom was she battling
alzheimer
whom

217
what healthcondition was she battling
alzheimer
what HealthCondition

219
how did i go to drive on the streets
with my dad kaustubh
how

219
what drive
i  my dad
what

219
where was the location
on the streets
where

219
where do i  my dad drive
on the streets
where

219
what is the name drive
i  my dad
what is the name

219
why did i go
to drive on the streets
why

220
what do rrb lift
the clutch
what

220
what lift the clutch
rrb
what

220
what is the name lift the clutch
rrb
what is the name

220
what month and year was the event
at the same time
what month and year

220
what month and year do it press the pedal
at the same time
what month and year

220
what do it press
the pedal
what

221
what i almost over
a dog
what

223
what do you need
to get a good score
what

223
what do you get
a good score
what

223
what do you get
a cell phone
what

227
how was i looking forward to the scenic drive to san jose
with my dad who
how

227
what city was i looking forward
san jose
what City

227
where to/from was i looking to the scenic drive to san jose
forward
where to/from

227
what was i looking forward
to the scenic drive to san jose
what

227
what month and year was the event
in the 1st week of august
what month and year

227
what month and year was i looking forward to the scenic drive to san jose
in the 1st week of august
what month and year

228
what quantity was i lived
3 years
what Quantity

228
what month and year was the event
for almost 3 years between 2000 and 2003
what month and year

228
what month and year was i lived
for almost 3 years between 2000 and 2003
what month and year

228
what city was i lived
los altos
what City

228
where was the location
in los altos
where

228
where was i lived
in los altos
where

229
whom was cemented locality
in my head , eg : the local library , nearby
whom

229
what was cemented in my head , eg : the local library , nearby
locality
what

229
how was cemented locality in my head , eg : the local library , nearby
pretty much
how

231
what month and year was the event
in fall 2013 , semester by semester
what month and year

231
what month and year was i starting my graduate studies
in fall 2013 , semester by semester
what month and year

231
what month and year was the event
starting my graduate studies in fall 2013 , semester by semester
what month and year

231
what month and year was i noticed a change for the worst in the administration of graduate classes at usc viterbi
starting my graduate studies in fall 2013 , semester by semester
what month and year

231
what was i starting
my graduate studies
what

231
what was i noticed
a change for the worst in the administration of graduate classes at usc viterbi
what

231
what organization was i noticed
usc
what Organization

232
what month and year was the event
just
what month and year

232
what month and year was ryan leased a bmw 3 series
just
what month and year

232
what person leased a bmw 3 series
ryan
what Person

232
what company was ryan leased
bmw
what Company

232
what is the name leased a bmw 3 series
ryan
what is the name

232
what was ryan leased
a bmw 3 series
what

232
what leased a bmw 3 series
ryan
what

233
what did we have
the dinner buffet
what

233
where was the location
at the stratosphere
where

233
where did we have the dinner buffet
at the stratosphere
where

234
what city did we head back
san diego
what City

234
where to/from did we head to san diego
back
where to/from

234
what did we head back
to san diego
what

235
where was the location
in september 2007
where

235
where did mohit lose his grandfather
in september 2007
where

235
what person lost his grandfather
mohit
what Person

235
what is the name lost his grandfather
mohit
what is the name

235
what did mohit lose
his grandfather
what

235
what lost his grandfather
mohit
what

237
what said
he he
what

237
what is the name said
he he
what is the name

237
what does he have
no effect of fan
what

239
whom was named first best friend
tarun
whom

239
what person was named first best friend
tarun
what Person

239
what was named tarun
first best friend
what

240
what country was he pursuing chemical engineering
india
what Country

240
what city was he pursuing chemical engineering
bangalore
what City

240
where was the location
in bangalore  in india
where

240
where was he pursuing chemical engineering
in bangalore  in india
where

240
what was he pursuing
chemical engineering
what

240
what fieldterminology was he pursuing
chemical engineering
what FieldTerminology

241
what month and year was the event
in march
what month and year

241
what month and year was born mohit 's sister
in march
what month and year

241
what city was born mohit 's sister
faridabad
what City

241
where was the location
in faridabad
where

241
where was born mohit 's sister
in faridabad
where

241
what was born
mohit 's sister
what

242
what was by her elder cousin brothers named
sister
what

242
what named sister
by her elder cousin brothers
what

242
what is the name named sister
by her elder cousin brothers
what is the name

244
what sport used i play
football
what Sport

244
where was the location
in my college
where

244
where used i play football
in my college
where

244
what used i play
football
what

245
what month and year was the event
so in my 4th semester around january 2012
what month and year

245
what month and year did i start learning the rules of basketball
so in my 4th semester around january 2012
what month and year

245
what sport did i start
basketball
what Sport

245
what sport was i learning
basketball
what Sport

245
what did i start
learning the rules of basketball
what

245
what was i learning
the rules of basketball
what

246
whom was included
i  in my college basketball team next semester in august 2012
whom

246
what sport was included
basketball
what Sport

247
whom do i get
into lahore university of management sciences ( lums
whom

247
what organization did i want
lahore university of management sciences
what Organization

247
what organization do i get
lahore university of management sciences
what Organization

247
what did i want
to get into lahore university of management sciences ( lums )
what

248
what quantity did happen the test
4 months
what Quantity

248
what month and year was the event
4 months before every other university test
what month and year

248
what month and year did happen the test
4 months before every other university test
what month and year

248
what did happen
the test
what

249
whom did take test
place
whom

249
what did take place
test
what

249
what month and year was the event
in june
what month and year

249
what month and year did take test place
in june
what month and year

250
what city does the title `` manchester united na hota tou kya hota '' mean
manchester
what City

250
what city what city does the title `` manchester united na hota tou kya hota '' mean means `` if there was no manchester united , what would have happened
manchester
what City

250
what city united
manchester
what City

250
what is the name means `` if there was no manchester united , what would have happened
the title `` manchester united na hota tou kya hota ''
what is the name

250
what is the name united
no manchester
what is the name

250
what does the title `` manchester united na hota tou kya hota '' mean
`` if there was no manchester united , what would have happened
what

250
what means `` if there was no manchester united , what would have happened
the title `` manchester united na hota tou kya hota ''
what

250
what united
no manchester
what

250
what city was united
manchester
what City

250
what was united
no manchester
what

250
what city does tou kya hota mean
manchester
what City

250
what city united
manchester
what City

250
what is the name means `` if there was no manchester united , what would have happened
tou kya hota
what is the name

250
what is the name united
no manchester
what is the name

250
what does tou kya hota mean
`` if there was no manchester united , what would have happened
what

250
what means `` if there was no manchester united , what would have happened
tou kya hota
what

250
what united
no manchester
what

251
what country did i take a trip
japan
what Country

251
whom did i take a trip
to japan
whom

251
what did i take to japan
a trip
what

251
what month and year was the event
in august 2011
what month and year

251
what month and year did i take a trip to japan
in august 2011
what month and year

251
what do i attend
a wedding
what

252
whom was getting my friend hiroko
married to an iraqi diplomat , hewa jaff
whom

252
whom was married my friend hiroko
to an iraqi diplomat , hewa jaff
whom

252
what person was getting married to an iraqi diplomat , hewa jaff
hiroko
what Person

252
what person was married to an iraqi diplomat , hewa jaff
hiroko
what Person

252
what city was getting my friend hiroko
hewa jaff
what City

252
what city was married my friend hiroko
hewa jaff
what City

252
what was getting married to an iraqi diplomat , hewa jaff
my friend hiroko
what

252
what was married to an iraqi diplomat , hewa jaff
my friend hiroko
what

253
whom did take the wedding
place
whom

253
what city did take the wedding place
fukuoka
what City

253
where was the location
in hiroko 's hometown fukuoka
where

253
where did take the wedding place
in hiroko 's hometown fukuoka
where

253
what person did take the wedding place
hiroko
what Person

253
what did take place
the wedding
what

254
what quantity hosted
100-year
what Quantity

254
what hosted
the entire ceremony as well as the reception party  by a 100-year old restaurant
what

254
what is the name hosted
the entire ceremony as well as the reception party  by a 100-year old restaurant
what is the name

254
what was named
party
what

255
whom was consisting a full course dinner
of 10 traditional japanese courses and three glasses of beer
whom

255
what was each guest served
a full course dinner consisting of 10 traditional japanese courses and three glasses of beer
what

255
what served a full course dinner consisting of 10 traditional japanese courses and three glasses of beer
each guest
what

255
what was consisting of 10 traditional japanese courses and three glasses of beer
a full course dinner
what

255
what is the name served a full course dinner consisting of 10 traditional japanese courses and three glasses of beer
each guest
what is the name

256
what country immigrated
united states
what Country

256
what month and year was the event
in 1993 when
what month and year

256
what month and year did my family  to the united states immigrate
in 1993 when
what month and year

256
what immigrated
my family  to the united states
what

256
what is the name immigrated
my family  to the united states
what is the name

258
what is the name lived
my family
what is the name

258
what lived
my family
what

258
where was the location
in a town
where

258
where was my family lived
in a town
where

258
how was my family lived
together
how

258
what month and year was the event
since then
what month and year

258
what month and year was my family lived
since then
what month and year

258
whom did call family
mukilteo
whom

258
what city did call family
mukilteo
what City

258
what city did call family mukilteo
washington
what City

258
where was the location
in washington
where

258
where did call family mukilteo
in washington
where

258
what did call mukilteo
family
what

259
what had i make
a difficult decision
what

259
whom do move back i
to seoul
whom

259
what city do move back i
seoul
what City

259
where to/from do move i to seoul
back
where to/from

259
how do move back i to seoul
alone to
how

259
what do i make
living
what

260
whom was making the big transition of my life
easier for me and my parents
whom

260
what was making easier for me and my parents
the big transition of my life
what

261
what month and year was the event
still
what month and year

261
what month and year do i remember our talk over a cup of latte at the starbucks
still
what month and year

261
what do i remember
our talk over a cup of latte at the starbucks
what

261
what company do i remember
starbucks
what Company

261
what month and year was the event
minutes
what month and year

261
what month and year do i we
minutes
what month and year

261
where was the location
at the seatac airport
where

261
where did we part
at the seatac airport
where

262
what month and year was the event
just
what month and year

262
what month and year was arrived i from tripoli at the frankfurt airport
just
what month and year

262
what city was arrived i from tripoli
frankfurt
what City

262
what city was arrived i at the frankfurt airport
tripoli
what City

262
how long was arrived i at the frankfurt airport
from tripoli
how long

262
where was the location
at the frankfurt airport
where

262
where was arrived i from tripoli
at the frankfurt airport
where

264
whom did i receive a call from ellie oh a college
from my office in seoul
whom

264
what city did i receive a call from ellie oh a college
seoul
what City

264
how long did i receive a call from my office in seoul
from ellie oh a college
how long

264
what did i receive from my office in seoul from ellie oh a college
a call
what

265
what city did i have
oulu
what City

265
what city do fly i
oulu
what City

265
what did i have
fly to oulu the next morning for a meeting
what

265
why do fly i
to oulu the next morning for a meeting
why

266
whom did become my second cat
a part of my family
whom

266
what did become a part of my family
my second cat
what

266
how did become my second cat a part of my family
in a rather unusual manner
how

269
what was a delivery person claiming
to have a gift
what

269
what claiming to have a gift
a delivery person
what

269
what do a delivery person have
a gift
what

269
what have a gift
a delivery person
what

269
what is the name claiming to have a gift
a delivery person
what is the name

269
what is the name have a gift
a delivery person
what is the name

269
what quantity did appear person
one day
what Quantity

269
what month and year was the event
one day
what month and year

269
what month and year did appear person
one day
what month and year

269
what did appear
person
what

269
where was the location
outside her door
where

269
where did appear person
outside her door
where

271
what month and year was the event
later thanks to concerned neighbors heeding her cries
what month and year

271
what month and year did arrive emergency services
later thanks to concerned neighbors heeding her cries
what month and year

271
what did arrive
emergency services
what

271
what was concerned neighbors heeding
her cries
what

271
what heeding her cries
concerned neighbors
what

271
what is the name heeding her cries
concerned neighbors
what is the name

271
what fieldterminology did arrive
emergency services
what FieldTerminology

272
what was she her leaving behind
her fluffy , white , precious , persian cat
what

272
what leaving her fluffy , white , precious , persian cat behind
she her
what

272
what is the name leaving her fluffy , white , precious , persian cat behind
she her
what is the name

272
what month and year was the event
days later
what month and year

272
what month and year did she move out of her apartment leaving behind her fluffy , white , precious , persian cat
days later
what month and year

272
whom was she her leaving her fluffy , white , precious , persian cat
behind
whom

272
where to/from did she move leaving behind her fluffy , white , precious , persian cat
out of her apartment
where to/from

272
why did she move out of her apartment
leaving behind her fluffy , white , precious , persian cat
why

273
what month and year was the event
just in time to have missed my favorite tv show `` legend of the hidden temple
what month and year

273
what month and year would come i home from elementary school
just in time to have missed my favorite tv show `` legend of the hidden temple
what month and year

273
what month and year was the event
just in time
what month and year

273
what month and year was i  elementary school missed my favorite tv show `` legend of the hidden temple
just in time
what month and year

273
what would come from elementary school
i home
what

273
what was i  elementary school missed
my favorite tv show `` legend of the hidden temple
what

273
what missed my favorite tv show `` legend of the hidden temple
i  elementary school
what

273
what is the name missed my favorite tv show `` legend of the hidden temple
i  elementary school
what is the name

273
whom would come i home
from elementary school
whom

274
what quantity did nickelodeon decide to move the show to an earlier time
one year
what Quantity

274
what month and year was the event
one year
what month and year

274
what month and year did nickelodeon decide to move the show to an earlier time
one year
what month and year

274
what month and year was the event
to an earlier time
what month and year

274
what month and year do nickelodeon move the show
to an earlier time
what month and year

274
what did nickelodeon decide
to move the show to an earlier time
what

274
what decided to move the show to an earlier time
nickelodeon
what

274
what do nickelodeon move
the show
what

274
what move the show
nickelodeon
what

274
what company decided to move the show to an earlier time
nickelodeon
what Company

274
what company move the show
nickelodeon
what Company

274
what is the name decided to move the show to an earlier time
nickelodeon
what is the name

274
what is the name move the show
nickelodeon
what is the name

275
what quantity did i elect
one day
what Quantity

275
what quantity do i write
one day
what Quantity

275
what did i elect
to write a letter to nickelodeon one day , expressing this point of view
what

275
what do i write
a letter to nickelodeon one day
what

275
what was i expressing
this point of view
what

275
what company did i elect
nickelodeon
what Company

275
what company do i write
nickelodeon
what Company

276
what would write to participate in game shows
kids
what

276
what do kids participate
in game shows
what

276
what participate in game shows
kids
what

276
what is the name would write to participate in game shows
kids
what is the name

276
what is the name participate in game shows
kids
what is the name

276
why would kids write
to participate in game shows
why

277
how did i enjoy
being a computer nerd
how

277
how did i enjoy being a computer nerd
by rebuilding her computer in a custom chassis
how

277
what was i rebuilding
her computer
what

277
where was the location
in a custom chassis
where

277
where was i rebuilding her computer
in a custom chassis
where

277
how was a computer rebuilding her computer
in a custom chassis
how

277
what was a computer rebuilding
her computer
what

277
what rebuilding her computer
a computer
what

277
what is the name rebuilding her computer
a computer
what is the name

278
whom did i purchase a cool looking chassis
with green internal lights
whom

278
what did i purchase with green internal lights
a cool looking chassis
what

278
what looking
chassis
what

278
what is the name looking
chassis
what is the name

279
whom do i tape
over the decorative accents on the outside of the case
whom

279
what did i decide
to tape over the decorative accents on the outside of the case
what

279
what do i paint
the rest of the case pink , her favorite color
what

280
what month and year was the event
during the month of august finally
what month and year

280
what month and year did my family and i have time to celebrate my birthday
during the month of august finally
what month and year

280
what month and year was the event
time
what month and year

280
what month and year do i celebrate my birthday
time
what month and year

280
what did my family and i have
time to celebrate my birthday
what

280
what had time to celebrate my birthday
my family and i
what

280
what do i celebrate
my birthday
what

280
what is the name had time to celebrate my birthday
my family and i
what is the name

281
what geographicfeature did we go
camdem aquarium
what GeographicFeature

281
where was the location
to the camdem aquarium
where

281
where did we go
to the camdem aquarium
where

281
what did we have
blast
what

282
what city did we have a nice dinner
philly
what City

282
where was the location
right on the water  in philly
where

282
where did we have a nice dinner
right on the water  in philly
where

282
what did we have
a nice dinner
what

283
what month and year was the event
after dinner
what month and year

283
what month and year did we have a little fun
after dinner
what month and year

283
what person did we have a little fun
dave
what Person

283
where was the location
at dave and busters
where

283
where did we have a little fun
at dave and busters
where

283
what did we have
a little fun
what

284
what person did go to eat at a great steakhouse
johnny
what Person

284
what person eat
johnny
what Person

284
what is the name eat
me and my good friend johnny
what is the name

284
what month and year was the event
last week
what month and year

284
what month and year did go me and my good friend johnny to eat at a great steakhouse
last week
what month and year

284
what did go to eat at a great steakhouse
me and my good friend johnny
what

284
what eat
me and my good friend johnny
what

284
where was the location
at a great steakhouse
where

284
where do me and my good friend johnny eat
at a great steakhouse
where

284
why did go me and my good friend johnny
to eat at a great steakhouse
why

285
whom was called the steakhouse
ruths
whom

285
what was called ruths
the steakhouse
what

286
what person took the steak challenge
johnny
what Person

286
what is the name took the steak challenge
johnny
what is the name

286
what did johnny take
the steak challenge
what

286
what took the steak challenge
johnny
what

286
what quantity did johnny try
32oz
what Quantity

286
what person tried to eat a 32oz steak
johnny
what Person

286
what is the name tried to eat a 32oz steak
johnny
what is the name

286
what is the name eat a 32oz steak
johnny
what is the name

286
what did johnny try
to eat a 32oz steak
what

286
what tried to eat a 32oz steak
johnny
what

286
what do johnny eat
a 32oz steak
what

286
what eat a 32oz steak
johnny
what

287
what person did i go apple picking at the orts orchard
emma
what Person

287
what person was apple picking
emma
what Person

287
what company did i go picking at the orts orchard
apple
what Company

287
what company picking
apple
what Company

287
what is the name picking
apple
what is the name

287
how did i go apple picking at the orts orchard
with my daughter emma and girlfriend sonia
how

287
how was apple picking
with my daughter emma and girlfriend
how

287
what did i go picking at the orts orchard
apple
what

287
what picking
apple
what

287
whom did i go apple
picking at the orts orchard
whom

287
what facility was apple picking
orts orchard
what Facility

287
where was the location
at the orts orchard
where

287
where was apple picking
at the orts orchard
where

288
what month and year was the event
during our trip there
what month and year

288
what month and year did we gather about 25 apples
during our trip there
what month and year

288
what did we gather
about 25 apples
what

289
what did we get
two pumpkins
what

290
what month and year was the event
after along with carving the pumpkins
what month and year

290
what month and year was we baking a pie of each
after along with carving the pumpkins
what month and year

290
what was we baking
a pie of each
what

290
what was we carving
the pumpkins
what

292
how was my mamma doing
very poorly
how

292
what doing
my mamma
what

292
what is the name doing
my mamma
what is the name

293
what city did she live
richmond indiana
what City

293
where was the location
in richmond indiana
where

293
where did she live
in richmond indiana
where

293
what stateorcounty do we live
kentucky
what StateOrCounty

293
where was the location
in kentucky
where

293
where do we live
in kentucky
where

294
what did my husband drive me
my mom
what

294
what drove my mom me
my husband
what

294
what is the name drove my mom me
my husband
what is the name

294
what see her
husband
what

294
what is the name see her
husband
what is the name

296
whom was they releasing her back
to the nursing home
whom

296
what was they releasing to the nursing home
her back
what

297
what did we lose
her september 20 , 2013
what

298
what organization did i go
alice lloyd college
what Organization

298
what organization do i pick up our oldest daughter
alice lloyd college
what Organization

298
what month and year was the event
from her first year of college at alice lloyd college here in kentucky
what month and year

298
what month and year do i pick up our oldest daughter
from her first year of college at alice lloyd college here in kentucky
what month and year

298
what stateorcounty did i go
kentucky
what StateOrCounty

298
what stateorcounty do i pick up our oldest daughter
kentucky
what StateOrCounty

298
what do i pick up
our oldest daughter
what

298
whom did i go
to pick our oldest daughter up from her first year of college at alice lloyd college here in kentucky
whom

298
where was the location
to may of 2014 , my husband , our children , his brother , sister in law
where

298
where did i go
to may of 2014 , my husband , our children , his brother , sister in law
where

299
what geographicfeature did i go
fort campbell
what GeographicFeature

299
what geographicfeature i to
fort campbell
what GeographicFeature

299
what stateorcounty i to fort campbell
kentucky
what StateOrCounty

299
where was the location
to may of 2012 i went to fort campbell
where

299
where did i go
to may of 2012 i went to fort campbell
where

299
where was the location
to fort campbell
where

299
where do i kentucky
to fort campbell
where

299
what month and year was the event
in may of 2012
what month and year

299
what month and year did i go to may of 2012 i went to fort campbell
in may of 2012
what month and year

299
what month and year was the event
in may of 2012 i went to may of 2012
what month and year

299
what month and year do i kentucky to fort campbell
in may of 2012 i went to may of 2012
what month and year

299
what do i attend
my brother in law and his wifes wedding
what

300
what person did we attend
amanda hansen
what Person

300
what person did we attend
david
what Person

300
what did we attend
the wedding of david and amanda hansen on a bright beautiful sunny day
what

301
where was the location
at the hilton inn
where

301
where did stay we
at the hilton inn
where

301
what facility did stay we
hilton inn
what Facility

302
where was the location
at the hilton inn
where

302
where did stay we
at the hilton inn
where

302
what facility did stay we
hilton inn
what Facility

302
what did we have
a wonderful breakfast everyday at a cracker barrel located next door
what

302
what was located
a cracker barrel
what

302
where was the location
next door
where

302
where was located a cracker barrel
next door
where

303
what person did we get
david
what Person

303
what person do we meet
david
what Person

303
why did we get
to meet david and amandas best friend and best man
why

303
what do we meet
david and amandas best friend and best man
what

303
what does we amandas
best friend and best man
what

304
what did i meet
amandas sisters nicole
what

305
what did go out to dinner for the wedding
we all
what

305
where was the location
to dinner for the wedding
where

305
where did go out we all
to dinner for the wedding
where

305
where to/from did go we all to dinner for the wedding
out
where to/from

305
whom was called a local restauraunt
charleston steak place
whom

305
what was called charleston steak place
a local restauraunt
what

306
what quantity did may of 2011 my youngest sister graduate from high school
three years
what Quantity

306
what month and year was the event
three years ago
what month and year

306
what month and year did may of 2011 my youngest sister graduate from high school
three years ago
what month and year

306
what did may of 2011 my youngest sister graduate
from high school
what

306
what graduated from high school
may of 2011 my youngest sister
what

306
what is the name graduated from high school
may of 2011 my youngest sister
what is the name

307
whom does go she
to school , jackson , mi
whom

307
what stateorcounty does go she
mi
what StateOrCounty

308
what month and year was the event
for the ceremony
what month and year

308
what month and year did i drive
for the ceremony
what month and year

308
where was the location
there
where

308
where did i drive
there
where

308
how did i drive
with my husband
how

309
what quantity do i live
6 hrs
what Quantity

309
what stateorcounty do i live
illinois
what StateOrCounty

309
what do i live
about 6 hrs away in illinois
what

310
what did my husband and i check
into the local americas
what

310
what checked into the local americas
my husband and i
what

310
what is the name checked into the local americas
my husband and i
what is the name

311
what was located
school
what

311
where was the location
on wisner st
where

311
where was located school
on wisner st
where

312
what month and year was the event
so we drove over and went to the football stadium where the ceremony was held
what month and year

312
what month and year was located high school
so we drove over and went to the football stadium where the ceremony was held
what month and year

312
what month and year was the event
where the ceremony was held
what month and year

312
what month and year did we go to the football stadium
where the ceremony was held
what month and year

312
what sport was located high school
football
what Sport

312
what sport did we go
football
what Sport

312
where was the location
on wisner st
where

312
where was located high school
on wisner st
where

312
where was the location
to the football stadium
where

312
where did we go
to the football stadium
where

312
what was located
high school
what

314
what organization was i attending
jackson high school
what Organization

314
where was the location
in jackson
where

314
where was i attending jackson high school
in jackson
where

314
what city was i attending
jackson
what City

314
what city was what city was i attending i attending jackson high school
jackson
what City

314
what was i attending
jackson high school
what

315
what person was sitting i in my sociology class
mrs. brown
what Person

315
what person was sitting i in my sociology class
mr. weatherwax
what Person

315
what person entered the classroom
mrs. brown
what Person

315
what person spoke to my teacher
mrs. brown
what Person

315
what is the name entered the classroom
mrs. brown
what is the name

315
what is the name spoke to my teacher
mrs. brown
what is the name

315
how was sitting i in my sociology class
with mr. weatherwax
how

315
how did mrs. brown speak to my teacher
quitely
how

315
what month and year was the event
when another teacher , mrs. brown entered the classroom and spoke quitely to my teacher
what month and year

315
what month and year was sitting i in my sociology class
when another teacher , mrs. brown entered the classroom and spoke quitely to my teacher
what month and year

315
what did mrs. brown enter
the classroom
what

315
what entered the classroom
mrs. brown
what

315
what did mrs. brown speak
to my teacher
what

315
what spoke to my teacher
mrs. brown
what

315
whom was sitting i
in my sociology class
whom

316
what person do i remember
loryn smith
what Person

316
what person was i talking
loryn smith
what Person

316
what do i remember
talking with my best friend loryn smith about the craziness of what was happening
what

316
what was i talking
with my best friend loryn smith about the craziness of what was happening
what

317
whom did go
to visit the pumpkin festival
whom

317
what do visit
the pumpkin festival
what

318
what did we eat
pumpkin pie and bbq ribs
what

318
what did we saw
the largest pumpkin in the state
what

319
what city did my fiance , christopher and i take
san diego
what City

319
what holiday did my fiance , christopher and i take
thanksgiving
what Holiday

319
what is the name took a trip to san diego for thanksgiving in 2011
my fiance , christopher and i
what is the name

319
what person took a trip to san diego for thanksgiving in 2011
christopher
what Person

319
what did my fiance , christopher and i take
a trip to san diego for thanksgiving in 2011
what

319
what took a trip to san diego for thanksgiving in 2011
my fiance , christopher and i
what

320
what person did we visit
alicia
what Person

320
what person did we visit
gillian
what Person

320
what did we visit
my sister , alicia and her husband sydd , and their children gillian and geoffery
what

321
what holiday did we have
thanksgiving
what Holiday

321
what holiday we dinner together shopping
thanksgiving
what Holiday

321
what did we have
thanksgiving dinner together shopping
what

321
what was we thanksgiving
dinner together shopping
what

322
what holiday did we have
thanksgiving
what Holiday

322
what holiday we dinner together
thanksgiving
what Holiday

322
what did we have
thanksgiving dinner together
what

322
what was we thanksgiving
dinner together
what

322
what did we go
black friday shopping
what

322
what fieldterminology did we go
black friday
what FieldTerminology

323
what month and year was the event
in 2011 march month
what month and year

323
what month and year did me and my friends visit
in 2011 march month
what month and year

323
what city did me and my friends visit
bangalore
what City

323
what city did me and my friends visit
ooty
what City

323
where was the location
in ooty  in tamil nadu , mysore , bangalore in karnataka state
where

323
where did me and my friends visit
in ooty  in tamil nadu , mysore , bangalore in karnataka state
where

323
what is the name visited
me and my friends
what is the name

323
what visited
me and my friends
what

324
what do friends join
in the journey
what

324
what join in the journey
friends
what

324
what is the name join in the journey
friends
what is the name

325
whom was including me take the album and store in our home securely
all of these friends
whom

325
what was including all of these friends
me take the album and store in our home securely
what

326
what quantity do we enjoy those
one week
what Quantity

326
what month and year was the event
one week
what month and year

326
what month and year do we enjoy those
one week
what month and year

326
what do we enjoy
those
what

326
how do we enjoy those
very much
how

327
whom did we go
to coorg - a hill station
whom

327
what do we coorg
a hill station
what

327
what month and year was the event
this year  in april
what month and year

327
what month and year did we go to coorg - a hill station
this year  in april
what month and year

327
what month and year was the event
summer vaction
what month and year

327
what month and year did we spend
summer vaction
what month and year

329
what did we use for traveling
our own vehicle
what

329
why did we use our own vehicle
for traveling
why

334
what did my uncle have
a car
what

334
what had a car
my uncle
what

334
what is the name had a car
my uncle
what is the name

336
where was the location
in a bank
where

336
where was i working
in a bank
where

338
whom did go day  to bank
as usual
whom

338
what did go as usual
day  to bank
what

339
what month and year was the event
on that day  so i had to take the charge of cashier for smooth functioning of the day
what month and year

339
what month and year do cashier leave
on that day  so i had to take the charge of cashier for smooth functioning of the day
what month and year

339
what leave
cashier
what

339
what had i take
the charge of cashier for smooth functioning of the day
what

339
what is the name leave
cashier
what is the name

339
what had i take for smooth functioning of the day
the charge of cashier
what

339
why had i take the charge of cashier
for smooth functioning of the day
why

340
whom did come
suddendly
whom

340
what month and year was the event
at a time in side the bank
what month and year

340
what month and year did come suddendly
at a time in side the bank
what month and year

341
what quantity was taken it to recover from this incident
6 months
what Quantity

341
what month and year was the event
6 months
what month and year

341
what month and year was taken it to recover from this incident
6 months
what month and year

341
why was taken it
to recover from this incident
why

341
whom do recover it
from this incident
whom

342
what did they ask me
to give locker keys
what

342
what do me give
locker keys
what

343
whom was waiting
for one requester from amazon mturk to post the many hits
whom

343
what do post
the many hits
what

343
what company was waiting
amazon
what Company

343
what month and year was the event
this time
what month and year

343
what month and year did turn to be an especially large amount
this time
what month and year

343
what out
to be an especially large amount
what

344
what quantity do me make
$ 100
what Quantity

344
what month and year was the event
in a day
what month and year

344
what month and year do me make $ 100
in a day
what month and year

344
what do me make
$ 100
what

345
what quantity over
10 hours
what Quantity

345
what month and year was the event
10 hours of my day
what month and year

345
what month and year did take
10 hours of my day
what month and year

346
whom do make fun
of my weight
whom

346
what did some elementary school kid find
it funny to make fun of my weight by singing `` milkshake '' by that singer
what

346
what found it funny to make fun of my weight by singing `` milkshake '' by that singer
some elementary school kid
what

346
what do make of my weight
fun
what

346
what was it singing
`` milkshake
what

346
what is the name found it funny to make fun of my weight by singing `` milkshake '' by that singer
some elementary school kid
what is the name

347
whom did i tell to
the kid
whom

347
what did i tell the kid
to
what

348
whom do people make fun
of someone
whom

348
what do people make of someone
fun
what

348
what make fun of someone
people
what

348
what is the name make fun of someone
people
what is the name

348
where was the location
in a way that 's so obvious in terms of hearing
where

348
where do people make fun of someone
in a way that 's so obvious in terms of hearing
where

350
whom did it lead
to rough digestion
whom

352
what quantity was born
6 years
what Quantity

352
what month and year was the event
6 years ago
what month and year

352
what month and year was born
6 years ago
what month and year

352
what city was born
portland
what City

352
where was the location
in portland oregon ameerah
where

352
where was born
in portland oregon ameerah
where

352
what stateorcounty was born
oregon
what StateOrCounty

353
what month and year was the event
on april 8th
what month and year

353
what month and year was delivered she
on april 8th
what month and year

353
how was delivered she
via c section
how

354
whom did get
interviewed for a position as a server
whom

354
why was interviewed
for a position as a server
why

356
what quantity did i with anthony go to dinner
3 years
what Quantity

356
what month and year was the event
3 years ago  in september
what month and year

356
what month and year did i with anthony go to dinner
3 years ago  in september
what month and year

356
what person did i go to dinner
anthony
what Person

356
where was the location
to dinner
where

356
where did i with anthony go
to dinner
where

358
what did we get
our meal of chinese food
what

359
whom did slip he  the ring
on my finger
whom

359
what did slip on my finger
he  the ring
what

360
what did he ask me
if i would marry him
what

362
what geographicfeature did we go
playa grande beach
what GeographicFeature

362
where was the location
to playa grande beach
where

362
where did we go
to playa grande beach
where

362
what month and year was the event
every day
what month and year

362
what month and year did we go to playa grande beach
every day
what month and year

363
what city did we drive
santo domingo
what City

363
what did we drive
around santo domingo
what

363
what did we feed
stray puppies
what

366
what month and year was the event
briefly
what month and year

366
what month and year did we talk
briefly
what month and year

366
where was the location
in the club
where

366
where did we talk
in the club
where

366
what did we exchange
information
what

367
what month and year was the event
eventually  for our first date
what month and year

367
what month and year did we meet
eventually  for our first date
what month and year

367
what city we up
las vegas
what City

367
where was the location
in las vegas
where

367
where did we meet
in las vegas
where

371
what quantity did go we to honeymoon
5 days
what Quantity

371
what month and year was the event
after 5 days
what month and year

371
what month and year did go we to honeymoon
after 5 days
what month and year

371
where was the location
to honeymoon
where

371
where did go we
to honeymoon
where

372
where was the location
to shimla
where

372
where do we go
to shimla
where

375
where was the location
to college
where

375
where do i go for ny post graduate
to college
where

375
why do i go to college
for ny post graduate
why

376
how did i start
learning how to ride my bike
how

376
what was i learning
how to ride my bike
what

376
what do i ride
my bike
what

377
where was the location
in 2012
where

377
where was i jamnagar working at essar refinery
in 2012
where

377
what was i jamnagar working
at essar refinery
what

377
what working at essar refinery
i jamnagar
what

377
what company was i jamnagar working
essar refinery
what Company

377
what is the name working at essar refinery
i jamnagar
what is the name

378
what city did i go
diu
what City

378
what did i go
to diu with apurv jagdeesh jayeesh anil
what

379
what do i see
arthi
what

379
whom did i go to see arthi to
to somnath temple
whom

379
what month and year was the event
by morning 6am
what month and year

379
what month and year did i go to somnath temple to see arthi to
by morning 6am
what month and year

379
how did i go to somnath temple to see arthi to
on the way
how

379
what facility did i go to see arthi to
somnath temple
what Facility

379
why did i go to somnath temple
to see arthi to
why

380
where was the location
in my hometown harur  in a well at eattipatty village
where

380
where did i learn swimming
in my hometown harur  in a well at eattipatty village
where

380
what city did i learn swimming
harur
what City

380
what facility did i learn swimming
eattipatty village
what Facility

380
what did i learn
swimming
what

382
whom did come i
by flight
whom

382
what city did come i by flight
bengaluru
what City

382
what city did come i by flight
ahmedabad
what City

382
what month and year was the event
in 2012 august 29th  for first time from ahmedabad to bengaluru
what month and year

382
what month and year did come i by flight
in 2012 august 29th  for first time from ahmedabad to bengaluru
what month and year

383
what quantity did come i
2 hrs
what Quantity

383
whom did come i
through flight of spice jet for 2 hrs
whom

384
what person picked me
sakthi
what Person

384
what is the name picked me
bengalru my uncle sakthi
what is the name

384
what is the name travel to home for 400kms
bengalru my uncle sakthi
what is the name

384
how long do bengalru my uncle sakthi travel to home
for 400kms
how long

384
what picked me
bengalru my uncle sakthi
what

384
what do bengalru my uncle sakthi travel for 400kms
to home
what

384
what travel to home for 400kms
bengalru my uncle sakthi
what

384
what quantity do bengalru my uncle sakthi travel to home
400kms
what Quantity

384
where was the location
in scorpio
where

384
where did bengalru my uncle sakthi pick me
in scorpio
where

384
where was the location
in scorpio
where

384
where do bengalru my uncle sakthi travel to home for 400kms
in scorpio
where

